<?xml version="1.0" encoding="UTF-8"?>
<!-- Generated by org.testng.reporters.JUnitReportReporter -->
<testsuite hostname="DESKTOP-DRJTCK0" failures="0" tests="1" name="Organization_Module.CreateOrgAndPhno" time="35.126" errors="0" timestamp="2025-07-29T17:14:00 GMT-07:00" skipped="0">
  <testcase classname="Organization_Module.CreateOrgAndPhno" name="createOrgPhno" time="35.126"/>
  <system-out/>
</testsuite> <!-- Organization_Module.CreateOrgAndPhno -->
